-------------------------------------------------------------------------------
Test set: mastercod.io.projeto1.projeto1.Projeto1ApplicationTests
-------------------------------------------------------------------------------
Tests run: 1, Failures: 0, Errors: 1, Skipped: 0, Time elapsed: 0.386 s <<< FAILURE! - in mastercod.io.projeto1.projeto1.Projeto1ApplicationTests
initializationError(mastercod.io.projeto1.projeto1.Projeto1ApplicationTests)  Time elapsed: 0.001 s  <<< ERROR!
java.lang.IllegalStateException: Unable to find a @SpringBootConfiguration, you need to use @ContextConfiguration or @SpringBootTest(classes=...) with your test

